15260
29943
74604
14983
22607
24151
1842
24324
16685
65133
4453
50929
61521
36953
47790
78538
88107
86784
44966
32311
9438
77097
65120
97963
7916
64224
44479
2694
35968
6211
88885
3987
28582
27223
62438
86034
36263
93653
6667
24538
4400
1571
49912
2048
66359
46005
81375
72046
62558
82155
14014
51052
90922
81086
9183
28244
18359
63833
21193
59474
88585
58952
73940
79048
44022
68621
61268
46652
88439
54241
60742
10974
1683
59060
54915
60122
21897
59329
46596
47864
77474
14325
74706
61910
24295
66764
79403
44209
84695
49576
10493
30497
67920
96602
25572
81625
45946
52103
34483
61467
93523
93470
13167
68753
64183
68986
53541
74928
75457
89296
94696
19292
69245
17999
74922
68012
51642
12645
6383
21029
49045
66372
76325
37187
86402
69337
59492
21607
82689
23599
39871
9226
38590
56795
88741
90032
5586
23074
90704
19327
36671
68057
56202
40215
63217
39549
19040
29292
21349
93475
589
38130
64073
90823
64040
22736
45610
22916
93317
90238
18234
3545
89358
95779
2070
71040
33073
43634
62846
78256
31733
89657
25891
80975
96830
51090
80826
22170
94628
87139
56824
58133
72440
31532
35903
62201
38357
81349
16766
80131
68514
70277
70410
32550
11222
3715
24264
70287
44340
87157
39845
747
30633
64889
64696
97425
67609
85242
21175
61442
69410
91729
1530
35173
32486
15628
2422
18058
3388
46179
14269
11657
59793
23214
24435
2066
54927
1972
97565
79995
16971
46890
95610
59635
46280
73277
88426
30651
12696
1353
20059
64571
66341
1484
2031
53375
73330
14775
49593
66054
52168
41954
38077
19951
44200
29293
85609
23931
98990
98867
9864
43504
45677
19316
18418
75229
28815
80410
69540
28650
15777
45352
76120
28434
51886
60554
1478
17490
27721
84526
49253
21374
52012
19979
10556
80987
42297
91637
83314
11253
80997
50922
54286
28948
3842
84617
14775
8858
48719
30035
73011
14115
14878
31901
75556
30376
91789
16609
26584
33342
74574
90224
25995
3877
62039
41731
16997
49351
95787
9051
53739
62945
55803
42386
64267
25450
39952
70757
76823
75752
70892
5223
41882
15614
8458
59618
46929
59172
59340
75722
75982
64713
34521
61198
1836
23273
68677
71435
41545
73214
79655
62542
1564
44759
64457
73110
10359
84492
52298
33526
9033
24499
38867
65768
38442
7263
63446
35465
54676
53427
3144
44036
65871
12533
50744
72876
94653
63893
71414
39226
92888
27398
1946
66986
18244
33555
47396
63054
67647
10333
35796
81993
87209
80886
60361
40092
33298
91966
121
68449
58379
24264
15859
29027
87988
4057
16040
38681
53892
35677
35191
9299
92870
78499
84318
8611
17511
19326
49475
72865
41904
26923
88744
348
77899
10146
8904
66744
1813
27766
47973
16776
81057
65062
82089
82356
52572
25077
19699
90181
77855
72281
22140
33518
74160
97236
87947
21117
8530
40263
89097
80829
29329
37099
76962
49457
59959
29302
39938
49405
26567
66686
79110
28626
46911
67177
18336
76061
19222
88323
33162
38649
5401
90480
29039
37197
30326
35458
72238
94022
28635
6543
23377
86403
20022
5934
82335
14705
97512
18550
69026
35649
6317
31294
51230
4995
29216
53898
47734
89828
11133
41955
97301
63603
27196
17809
87022
36805
62421
63806
95206
58817
45693
8942
82048
88288
3059
53645
79291
34126
12534
96374
85311
55429
74209
50050
40666
86848
92462
60928
8363
78195
82747
21015
86189
93307
35552
36512
87151
93227
81705
79383
98927
55461
16983
64405
43448
19494
53497
85903
781
85730
42033
40822
35443
35302
38755
3894
96936
1403
54668
97523
74517
44284
19146
26609
33991
32957
86921
98520
60130
89625
26656
35352
11592
52775
58152
63103
12989
51443
22814
97544
22114
73926
38279
48317
47500
61137
32089
62465
30585
11140
96758
3029
77746
4055
78220
26381
92569
21588
48417
34931
47906
68154
11696
26119
68392
22735
95577
93388
85615
70
79500
30640
92764
7447
13088
35896
69130
76899
18919
57388
55958
87836
24077
57609
44781
90325
13610
32045
65449
64993
28679
21934
71767
56045
78709
33817
70670
95366
55774
51391
56337
21364
60011
21885
52964
32985
12396
6429
77172
98373
51107
29749
34218
17956
36040
72009
38607
90797
25224
35040
23141
10842
24511
24656
95442
63786
36237
44313
63407
26841
67096
70420
68334
1836
60715
33569
77220
37500
20642
89785
2892
95186
75795
37032
14160
3519
67882
57692
15188
42863
20318
25657
71240
89424
26125
29041
54007
86062
11008
49266
31498
52792
63217
50466
87870
35281
58709
18078
77054
40303
46489
14213
75909
37810
61511
50446
12519
47936
72116
57330
53865
89394
71852
85745
96852
94314
6008
38293
28295
61742
69821
52137
65722
39810
20083
26831
12942
60609
7932
65574
50791
27392
60913
79423
54788
84058
8740
24547
61402
9981
97555
51454
25699
93228
78432
65419
46114
88792
68708
54207
54875
20927
64006
9628
38292
69503
63920
1280
58622
11639
11323
17894
83743
52643
31003
96073
90976
39865
72246
60373
61622
19443
79594
15393
64719
67854
7836
78989
44567
7814
8224
82682
58687
65156
44886
84761
14429
61387
3655
16102
20970
45475
88808
29047
83613
97787
14917
16959
89371
93165
95295
39922
77416
67864
39652
19983
59604
47332
58065
2864
41593
3613
93763
54857
81617
18591
9027
67142
9580
49465
28119
47800
69032
58912
7627
21006
90598
17862
79671
29125
34046
70293
88625
580
81752
11093
64788
71651
18875
17530
19464
66481
84905
30492
78263
51808
59688
12157
61468
25326
91689
19987
30294
53309
55501
62590
54662
82690
65497
43046
37542
96002
48775
69734
91916
72675
55972
67562
3815
94739
60989
93122
12193
17785
55377
22027
27879
93607
97232
13119
28441
3923
82626
22554
76033
73049
63823
84423
28842
27998
60864
28917
45435
61078
95238
36394
37443
63100
63931
53768
80613
1330
16092
87920
71582
81744
67771
40007
83465
57999
74486
22448
44324
50185
26279
22132
64517
85345
79756
1972
77593
60835
49221
37945
81858
49960
33927
6749
75357
10211
6165
31700
82527
5897
16843
98389
59768
64408
88071
68913
87271
71313
94752
58122
49922
67100
45914
69546
23109
13349
19515
83606
57757
40805
43380
48047
28530
18570
75661
4055
85303
76886
69682
27914
29547
3411
15422
89117
64213
53962
28828
41002
33507
63005
38827
38611
59612
71639
56402
41958
6512
86037
7446
41045
13714
69120
57413
67079
