21023
51985
27745
54187
6215
3360
96171
25868
24713
87312
13027
51076
64797
84017
60866
32984
91519
60855
86917
77095
73982
76553
25742
21849
80774
59408
46370
52766
26996
56136
71494
51163
79916
48946
89749
8690
10527
9315
53532
38135
15217
13229
83214
34510
93962
25201
28217
95023
29946
35806
57772
38669
95748
47071
92219
21153
19895
43361
51680
14404
5555
5438
72461
37583
70354
55899
53135
6518
58505
21993
7183
66088
77580
19157
16481
79365
96821
11710
94451
3256
78746
66766
48000
92534
71331
43632
67667
85921
43712
52170
41987
63582
23918
29245
58747
24476
42713
32615
36601
71966
3710
94840
39853
26289
80858
66305
76472
51187
84120
77933
72538
48418
88637
12188
62693
28911
80208
42902
95674
64399
84802
82946
75243
18425
26317
45077
23012
34523
83378
30904
85953
39612
85377
31731
58839
4202
65540
27474
53023
90426
44920
89869
69005
56196
17472
32372
48963
56839
37761
36586
52421
16028
6607
95129
39013
73844
56447
1619
90372
77237
73087
26304
39598
92576
90178
78982
28364
34996
98827
63935
44656
73692
6323
84197
67967
10659
73087
77522
89920
38578
9804
47151
39578
28538
75542
39259
41046
22197
71203
75123
13067
67063
21259
24873
63857
65904
61124
86675
92088
9258
96085
93857
53400
80808
94202
86942
23781
80765
55678
22913
1640
55999
53784
70715
98244
37087
53947
29683
88480
58210
63371
5560
96632
98701
34632
65868
94664
84255
21375
87223
32363
93185
42188
562
84882
92261
34783
52336
22981
42626
58988
92338
20824
79154
91915
24095
26583
49435
35938
86952
54423
96163
48652
2352
46777
87034
96054
52773
63230
14379
89533
48234
4304
68035
47763
38468
96339
89533
72138
27990
7052
33016
16378
83835
3522
66626
4394
63891
17506
48250
98157
89224
77054
91140
9259
77939
42983
67127
30493
26741
36358
81081
2405
40245
16597
43896
18246
76480
54084
15661
14587
94295
55059
76224
36200
25184
42367
78934
51923
98518
91978
46824
18216
4112
53863
44414
98595
92214
42986
27363
10850
23294
1634
59774
80199
7967
98029
88756
55164
95149
12664
25889
5990
57414
36742
59572
16468
37592
266
82632
88627
15108
17500
57685
23673
71565
18836
76824
47373
43611
42483
29534
8335
51568
74501
88001
65538
65349
59767
53004
80924
52604
35167
31952
64876
67103
37221
3926
93721
58140
9215
50294
4092
70034
65486
73917
9164
83529
76301
82254
84027
51707
67681
41640
70265
8410
26141
2777
67782
41190
90621
47112
68677
73085
46116
75595
81573
46060
95803
61563
7783
63632
65184
42088
11501
37106
96327
1822
74471
56056
80695
13611
43538
52698
88442
42213
39010
47043
54690
4188
23216
82050
29682
89606
65176
94855
19896
77139
45837
78378
82713
45049
54008
60700
78429
3532
70237
70290
47789
87593
63796
89405
35527
51038
4091
96311
1197
58704
50531
33286
38353
85894
61284
5077
4932
84783
53068
7011
91157
1383
34482
71056
37089
7429
3703
67848
70558
83969
7648
46687
40709
9308
80286
39498
13464
1223
28682
18932
4743
46845
22978
23599
77955
83991
67732
97032
43338
6733
13281
56085
19807
2450
64102
44695
67561
32135
77565
71845
44267
60896
50675
27105
59159
89905
51735
80138
65017
63095
30244
2414
11778
7256
52712
11749
54008
21523
34856
47826
3128
71316
63964
9311
46117
9281
32389
16326
43000
93318
1511
6475
71839
73627
94840
77631
8875
71607
53754
79337
89017
21468
71791
19089
35637
73993
55430
67541
91019
47627
11398
26034
77174
56335
4933
86990
16615
48916
571
82656
90691
22377
78330
78368
91343
18380
57996
3979
62257
40769
71591
70907
23850
85140
25680
40885
43415
22857
74729
41844
28202
51671
72942
15861
72079
82912
81665
44971
22797
63170
63242
22559
52121
89644
53465
65670
8980
80049
15192
68534
83063
22992
45437
73126
22604
73210
83698
91486
64927
97740
59450
4734
17902
33549
26102
20444
58905
15094
32872
37209
78346
89029
36368
84503
56070
23464
82546
32231
62705
84537
67604
32388
46035
51236
51994
49592
38810
70731
36646
27413
97552
21751
39714
13703
38469
69764
46622
36893
97953
95656
95730
12811
14015
10997
61930
30014
55408
30300
92606
46468
51525
95699
12639
86162
89438
68953
46256
44638
4494
3415
4195
28262
25722
83010
43979
72866
18082
73822
72405
27733
80262
4996
33752
73721
38666
69002
15513
66287
95785
63921
92088
34084
901
77537
22882
31165
90489
95577
47243
95187
46972
89835
35236
69100
23480
82947
81423
30923
82189
84633
13264
72523
74249
64541
11035
7270
20862
87373
73512
54922
25535
33288
1192
64553
39899
84334
52623
18298
83710
59359
52032
83017
76252
20411
97875
35440
44131
84323
12139
60135
68889
25078
67674
72491
45520
18595
9933
92660
87257
76918
58147
70167
54349
62607
71818
82778
53622
35026
86959
44885
40161
33460
97870
31701
13795
17959
57305
26176
71440
96679
89920
92814
97937
33828
64810
77252
78406
6540
89805
46945
91611
59627
43640
60377
65450
42778
38506
65254
36160
54080
70606
37383
83739
98409
64785
38727
97880
31530
623
19395
71412
37605
88801
18375
76663
12851
73818
49753
71265
46825
9452
19829
10987
89463
12972
67835
76251
87300
92085
9486
9441
74117
21768
55349
30723
3489
1941
12679
59872
7940
21756
80566
43495
21719
78382
88088
30060
28808
22694
66659
63102
15712
12300
19477
53259
11606
51421
12884
83895
28873
51300
75715
18323
20705
55760
84685
85276
80711
66413
7010
38142
7526
76454
78777
50499
53909
16265
52781
43669
33329
43433
39825
22013
64819
68311
58767
10620
5912
8816
2770
75617
8596
16031
44237
21061
97604
75756
27591
44776
46515
65140
35395
6522
13550
74785
14615
24943
23854
71381
95290
94094
32707
56511
86841
27527
73592
28599
66570
92924
49110
26087
66163
62211
21042
62979
3472
6574
40015
79659
60069
39233
44822
49723
95873
33683
4537
19650
91070
11177
5457
40646
62646
40105
29524
81400
2835
38518
61199
64623
36186
75644
72639
85726
26893
37101
75413
66852
86688
53576
54536
46534
45273
14244
89529
63693
67629
2967
34991
53892
20615
55801
14548
92973
35589
63460
21373
58016
21300
32188
67875
64235
40354
13291
78341
98764
37217
60756
75402
84163
14580
23903
4316
3347
56364
10565
62642
82548
60497
59148
97262
77255
67391
66851
14581
69932
96962
16176
5418
48833
84515
29721
86600
